#
# A fatal error has been detected by the Java Runtime Environment:
#
#  Internal Error (javaClasses.cpp:129), pid=19144, tid=18740
#  fatal error: Invalid layout of preloaded class
#
# JRE version: 7.0_07-b11
# Java VM: Java HotSpot(TM) 64-Bit Server VM (23.3-b01 mixed mode windows-amd64 compressed oops)
# Failed to write core dump. Minidumps are not enabled by default on client versions of Windows
#
# If you would like to submit a bug report, please visit:
#   http://bugreport.sun.com/bugreport/crash.jsp
#

---------------  T H R E A D  ---------------

Current thread (0x0000000001f4d000):  JavaThread "Unknown thread" [_thread_in_vm, id=18740, stack(0x0000000002800000,0x0000000002900000)]

Stack: [0x0000000002800000,0x0000000002900000]

---------------  P R O C E S S  ---------------

Java Threads: ( => current thread )

Other Threads:

=>0x0000000001f4d000 (exited) JavaThread "Unknown thread" [_thread_in_vm, id=18740, stack(0x0000000002800000,0x0000000002900000)]

VM state:not at safepoint (not fully initialized)

VM Mutex/Monitor currently owned by a thread: None

GC Heap History (0 events):
No events

Deoptimization events (0 events):
No events

Internal exceptions (0 events):
No events

Events (10 events):
Event: 0.009 loading class 0x00000000024fc8f0 done
Event: 0.009 loading class 0x00000000024b3440 done
Event: 0.009 loading class 0x00000000024b3410
Event: 0.009 loading class 0x00000000025083b0
Event: 0.009 loading class 0x00000000025083b0 done
Event: 0.009 loading class 0x00000000025083f0
Event: 0.009 loading class 0x00000000025083f0 done
Event: 0.009 loading class 0x000000000901c140
Event: 0.009 loading class 0x000000000901c140 done
Event: 0.009 loading class 0x00000000024b3410 done


Dynamic libraries:
0x000000013fb70000 - 0x000000013fba4000 	C:\Program Files\Java\jdk1.7.0_07\bin\javaw.exe
0x0000000077090000 - 0x0000000077239000 	C:\Windows\SYSTEM32\ntdll.dll
0x0000000076f70000 - 0x000000007708f000 	C:\Windows\system32\kernel32.dll
0x000007fefd5a0000 - 0x000007fefd60c000 	C:\Windows\system32\KERNELBASE.dll
0x000007fefea90000 - 0x000007fefeb6b000 	C:\Windows\system32\ADVAPI32.dll
0x000007fefedc0000 - 0x000007fefee5f000 	C:\Windows\system32\msvcrt.dll
0x000007fefef10000 - 0x000007fefef2f000 	C:\Windows\SYSTEM32\sechost.dll
0x000007feff210000 - 0x000007feff33d000 	C:\Windows\system32\RPCRT4.dll
0x00000000769b0000 - 0x0000000076aaa000 	C:\Windows\system32\USER32.dll
0x000007fefebf0000 - 0x000007fefec57000 	C:\Windows\system32\GDI32.dll
0x000007fefea80000 - 0x000007fefea8e000 	C:\Windows\system32\LPK.dll
0x000007fefef30000 - 0x000007fefeff9000 	C:\Windows\system32\USP10.dll
0x000007fefbdd0000 - 0x000007fefbfc4000 	C:\Windows\WinSxS\amd64_microsoft.windows.common-controls_6595b64144ccf1df_6.0.7601.17514_none_fa396087175ac9ac\COMCTL32.dll
0x000007fefeb70000 - 0x000007fefebe1000 	C:\Windows\system32\SHLWAPI.dll
0x000007fefe800000 - 0x000007fefe82e000 	C:\Windows\system32\IMM32.DLL
0x000007fefe6f0000 - 0x000007fefe7f9000 	C:\Windows\system32\MSCTF.dll
0x000007fefd4b0000 - 0x000007fefd4f0000 	C:\Windows\system32\nvinitx.dll
0x000007fefd450000 - 0x000007fefd4b0000 	C:\Windows\system32\scdetour.dll
0x000000000f000000 - 0x000000000f006000 	C:\Windows\system32\detoured.dll
0x000000005f990000 - 0x000000005fa61000 	C:\Program Files\Java\jdk1.7.0_07\jre\bin\msvcr100.dll
0x000000005b360000 - 0x000000005ba7f000 	C:\Program Files\Java\jdk1.7.0_07\jre\bin\server\jvm.dll
0x000007fef6d30000 - 0x000007fef6d39000 	C:\Windows\system32\WSOCK32.dll
0x000007fefea30000 - 0x000007fefea7d000 	C:\Windows\system32\WS2_32.dll
0x000007fefef00000 - 0x000007fefef08000 	C:\Windows\system32\NSI.dll
0x000007fefb350000 - 0x000007fefb38b000 	C:\Windows\system32\WINMM.dll
0x0000000077250000 - 0x0000000077257000 	C:\Windows\system32\PSAPI.DLL
0x000000006c4b0000 - 0x000000006c4bf000 	C:\Program Files\Java\jdk1.7.0_07\jre\bin\verify.dll
0x000000005ca90000 - 0x000000005cab8000 	C:\Program Files\Java\jdk1.7.0_07\jre\bin\java.dll
0x000000005ca70000 - 0x000000005ca85000 	C:\Program Files\Java\jdk1.7.0_07\jre\bin\zip.dll

VM Arguments:
jvm_args: -Dfile.encoding=Cp1252 -Xbootclasspath:C:\Program Files\adt-bundle-windows-x86_64\sdk\platforms\android-19\android.jar 
java_command: com.chinmay.movieapp.Test
Launcher Type: SUN_STANDARD

Environment Variables:
CLASSPATH=D:\MS\OpenCV-2.4.5\opencv\build\x86\vc10\bin;D:\MS\OpenCV-2.4.5\opencv\build\x64\vc10\lib;D:\MS\OpenCV-2.4.5\opencv\build\x64\vc10\staticlib;C:\openCV-2.4.3\Asprise-OCR-Java-Windows_Vista_64bit-4.0\aspriseOCR.jar
PATH=C:/Program Files/Java/jdk1.7.0_07/bin/../jre/bin/server;C:/Program Files/Java/jdk1.7.0_07/bin/../jre/bin;C:/Program Files/Java/jdk1.7.0_07/bin/../jre/lib/amd64;C:\Program Files (x86)\NVIDIA Corporation\PhysX\Common;C:\Program Files (x86)\Intel\iCLS Client\;C:\Program Files\Intel\iCLS Client\;C:\Windows\system32;C:\Windows;C:\Windows\System32\Wbem;C:\Windows\System32\WindowsPowerShell\v1.0\;C:\Program Files\Intel\Intel(R) Management Engine Components\DAL;C:\Program Files\Intel\Intel(R) Management Engine Components\IPT;C:\Program Files (x86)\Intel\Intel(R) Management Engine Components\DAL;C:\Program Files (x86)\Intel\Intel(R) Management Engine Components\IPT;C:\Program Files (x86)\Intel\OpenCL SDK\2.0\bin\x86;C:\Program Files (x86)\Intel\OpenCL SDK\2.0\bin\x64;C:\Program Files\Java\jdk1.7.0_07\bin;C:\Program Files\MATLAB\R2012a\runtime\win64;C:\Program Files\MATLAB\R2012a\bin;C:\openCV-2.4.3\mybuild\bin\Debug;C:\Users\ChiP\AppData\Local\Smartbar\Application\;C:\Users\ChiP\AppData\Local\Smartbar\Application\;D:\MS\OpenCV-2.4.5\opencv\build\x86\vc10\bin;C:\Python34;C:\Program Files (x86)\SSH Communications Security\SSH Secure Shell;D:\MS\OpenCV-2.4.5\opencv\build\x86\vc10\bin;;C:\Program Files\adt-bundle-windows-x86_64\eclipse;
USERNAME=ChiP
OS=Windows_NT
PROCESSOR_IDENTIFIER=Intel64 Family 6 Model 58 Stepping 9, GenuineIntel



---------------  S Y S T E M  ---------------

OS: Windows 7 , 64 bit Build 7601 Service Pack 1

CPU:total 8 (4 cores per cpu, 2 threads per core) family 6 model 58 stepping 9, cmov, cx8, fxsr, mmx, sse, sse2, sse3, ssse3, sse4.1, sse4.2, popcnt, avx, ht, tsc, tscinvbit, tscinv

Memory: 4k page, physical 16671496k(9822064k free), swap 17718220k(10167708k free)

vm_info: Java HotSpot(TM) 64-Bit Server VM (23.3-b01) for windows-amd64 JRE (1.7.0_07-b11), built on Sep  7 2012 01:19:25 by "java_re" with unknown MS VC++:1600

time: Fri Jul 18 23:48:00 2014
elapsed time: 0 seconds

